<?xml version="1.0" encoding="UTF-8"?>
<!-- Generated by org.testng.reporters.JUnitXMLReporter -->
<testsuite ignored="2" hostname="LAPTOP-QTFMA3N2" failures="0" tests="5" name="car loan" time="0.075" errors="0" timestamp="2025-07-03T16:40:29 IST">
  <testcase classname="test.day3" name="MobilelogincarLoan" time="0.003"/>
  <testcase classname="test.day3" name="MobilesignoutcarLoan" time="0.005"/>
  <testcase classname="test.day3" name="MobilesignoutcarLoan" time="0.003"/>
  <testcase classname="test.day3" name="MobilesignoutcarLoan" time="0.001"/>
  <testcase classname="test.day3" name="WebloginCarLoan" time="0.0"/>
  <testcase classname="test.day3" name="APILogincarLoan" time="0.0">
    <ignored/>
  </testcase> <!-- APILogincarLoan -->
  <testcase classname="test.day3" name="MobilesignincarLoan" time="0.0">
    <ignored/>
  </testcase> <!-- MobilesignincarLoan -->
</testsuite> <!-- car loan -->
