<?xml version="1.0" encoding="UTF-8"?>
<!-- Generated by org.testng.reporters.JUnitXMLReporter -->
<testsuite ignored="8" hostname="LAPTOP-QTFMA3N2" failures="0" tests="3" name="Regression" time="0.064" errors="0" timestamp="2025-07-02T21:28:08 IST">
  <testcase classname="test.day2" name="ploan" time="0.008"/>
  <testcase classname="test.day4" name="MobileloginHomeLoan" time="0.004"/>
  <testcase classname="test.day3" name="MobilelogincarLoan" time="0.001"/>
  <testcase classname="test.day3" name="APILogincarLoan" time="0.0">
    <ignored/>
  </testcase> <!-- APILogincarLoan -->
  <testcase classname="test.day1" name="demo2" time="0.0">
    <ignored/>
  </testcase> <!-- demo2 -->
  <testcase classname="test.day4" name="LoginAPIhomeLoan" time="0.0">
    <ignored/>
  </testcase> <!-- LoginAPIhomeLoan -->
  <testcase classname="test.day3" name="WebloginCarLoan" time="0.0">
    <ignored/>
  </testcase> <!-- WebloginCarLoan -->
  <testcase classname="test.day1" name="demo" time="0.0">
    <ignored/>
  </testcase> <!-- demo -->
  <testcase classname="test.day3" name="MobilesignoutcarLoan" time="0.0">
    <ignored/>
  </testcase> <!-- MobilesignoutcarLoan -->
  <testcase classname="test.day4" name="WebloginHomeLoan" time="0.0">
    <ignored/>
  </testcase> <!-- WebloginHomeLoan -->
  <testcase classname="test.day3" name="MobilesignincarLoan" time="0.0">
    <ignored/>
  </testcase> <!-- MobilesignincarLoan -->
</testsuite> <!-- Regression -->
